[2025-09-19 16:34:32] INFO xander encrypt timeout
[2025-09-19 13:18:41] INFO victor decompress timeout
[2025-09-19 09:37:19] INFO bob encrypt retry
[2025-09-19 22:16:02] INFO alice update_profile failure
[2025-09-19 17:47:34] INFO xander decrypt retry
[2025-09-19 06:23:44] INFO yara search timeout
[2025-09-19 06:03:50] INFO zane upload_file pending
[2025-09-19 06:26:35] INFO wendy backup retry
[2025-09-19 18:43:52] INFO victor restore success
[2025-09-19 10:07:53] INFO henry upload_file pending
[2025-09-19 12:09:43] INFO victor restore pending
[2025-09-19 15:33:51] INFO zane encrypt timeout
[2025-09-19 06:09:42] INFO ivy search timeout
[2025-09-19 23:26:25] INFO jack sync success
[2025-09-19 01:56:57] INFO quincy sort retry
[2025-09-19 06:36:28] INFO rachel logout retry
[2025-09-19 13:42:39] INFO umar create_post success
[2025-09-19 12:54:40] INFO grace restore success
[2025-09-19 12:10:50] INFO charlie filter success
[2025-09-19 18:48:59] INFO eve create_post success
[2025-09-19 17:20:05] INFO paul update_profile timeout
[2025-09-19 21:46:09] INFO alice import pending
[2025-09-19 16:17:13] INFO frank import timeout
[2025-09-19 13:19:28] INFO jack create_post success
[2025-09-19 23:42:01] INFO olivia import timeout
[2025-09-19 19:49:54] INFO mona filter pending
[2025-09-19 05:35:37] INFO charlie filter failure
[2025-09-19 02:46:48] INFO frank restore retry
[2025-09-19 08:45:39] INFO xander update_profile failure
[2025-09-19 21:57:14] INFO yara sync failure
[2025-09-19 14:13:22] INFO henry decrypt success
[2025-09-19 17:02:54] INFO wendy login retry
[2025-09-19 18:30:49] INFO jack sort success
[2025-09-19 20:31:35] INFO grace delete_post pending
[2025-09-19 14:42:23] INFO victor search failure
[2025-09-19 23:15:40] INFO ivy sync success
[2025-09-19 05:44:08] INFO jack import timeout
[2025-09-19 11:06:17] INFO paul sort success
[2025-09-19 10:29:09] INFO zane sort retry
[2025-09-19 00:05:17] INFO rachel download_file timeout
[2025-09-19 23:53:32] INFO tina update_profile success
[2025-09-19 08:16:34] INFO karen search pending
[2025-09-19 04:25:03] INFO xander send_message success
[2025-09-19 19:32:19] INFO tina backup pending
[2025-09-19 04:15:12] INFO olivia send_message timeout
[2025-09-19 01:38:42] INFO wendy encrypt pending
[2025-09-19 07:16:45] INFO karen delete_post failure
[2025-09-19 03:32:14] INFO david sync timeout
[2025-09-19 03:43:54] INFO zane encrypt success
[2025-09-19 04:37:05] INFO charlie sort failure
[2025-09-19 15:21:07] INFO henry send_message failure
[2025-09-19 10:42:24] INFO ivy search success
[2025-09-19 11:09:57] INFO quincy send_message failure
[2025-09-19 04:18:43] INFO ivy receive_message failure
[2025-09-19 17:16:51] INFO steve sort timeout
[2025-09-19 12:58:34] INFO jack backup failure
[2025-09-19 07:17:41] INFO henry download_file success
[2025-09-19 23:13:01] INFO victor encrypt success
[2025-09-19 14:07:26] INFO rachel compress success
[2025-09-19 04:29:50] INFO karen decompress success
[2025-09-19 06:31:07] INFO eve export timeout
[2025-09-19 13:19:31] INFO steve logout retry
[2025-09-19 09:19:19] INFO eve decompress failure
[2025-09-19 12:03:54] INFO bob decompress retry
[2025-09-19 01:46:33] INFO mona compress success
[2025-09-19 04:54:37] INFO grace receive_message timeout
[2025-09-19 10:02:51] INFO yara decompress success
[2025-09-19 08:40:32] INFO rachel compress timeout
[2025-09-19 07:13:51] INFO yara restore timeout
[2025-09-19 11:49:07] INFO wendy create_post success
[2025-09-19 08:39:09] INFO zane send_message success
[2025-09-19 09:38:00] INFO frank send_message pending
[2025-09-19 19:01:58] INFO quincy decrypt success
[2025-09-19 16:37:37] INFO david encrypt pending
[2025-09-19 06:03:39] INFO xander compress retry
[2025-09-19 22:32:30] INFO victor delete_post pending
[2025-09-19 00:55:45] INFO xander login retry
[2025-09-19 05:18:57] INFO alice sync timeout
[2025-09-19 07:14:09] INFO umar delete_post retry
[2025-09-19 06:25:10] INFO jack sort timeout
[2025-09-19 01:51:43] INFO umar search timeout
[2025-09-19 13:40:00] INFO david create_post timeout
[2025-09-19 04:28:07] INFO victor decrypt timeout
[2025-09-19 11:23:15] INFO olivia encrypt timeout
[2025-09-19 23:01:42] INFO alice backup failure
[2025-09-19 06:21:59] INFO rachel decompress failure
[2025-09-19 22:06:20] INFO rachel filter pending
[2025-09-19 10:18:39] INFO karen restore retry
[2025-09-19 02:05:32] INFO frank sort success
[2025-09-19 10:32:23] INFO xander create_post failure
[2025-09-19 18:33:09] INFO yara sort failure
[2025-09-19 21:55:58] INFO olivia update_profile failure
[2025-09-19 00:00:49] INFO eve export pending
[2025-09-19 17:32:19] INFO paul decrypt retry
[2025-09-19 21:38:20] INFO umar update_profile success
[2025-09-19 05:18:19] INFO leo decompress failure
[2025-09-19 00:43:37] INFO steve sync retry
[2025-09-19 15:19:31] INFO nick upload_file failure
[2025-09-19 22:55:04] INFO jack backup failure
[2025-09-19 23:49:33] INFO bob search timeout
[2025-09-19 13:28:11] INFO bob sync retry
[2025-09-19 17:27:42] INFO steve compress failure
[2025-09-19 12:55:32] INFO karen compress success
[2025-09-19 22:16:19] INFO ivy upload_file success
[2025-09-19 15:48:33] INFO jack restore retry
[2025-09-19 01:23:27] INFO leo download_file success
[2025-09-19 11:04:57] INFO leo export failure
[2025-09-19 20:52:52] INFO umar login failure
[2025-09-19 13:57:40] INFO karen encrypt failure
[2025-09-19 10:54:09] INFO jack encrypt failure
[2025-09-19 19:34:30] INFO henry decompress pending
[2025-09-19 00:53:23] INFO eve receive_message pending
[2025-09-19 18:45:41] INFO henry sync retry
[2025-09-19 23:42:13] INFO ivy download_file timeout
[2025-09-19 23:43:49] INFO quincy search failure
[2025-09-19 19:06:55] INFO leo filter failure
[2025-09-19 01:25:10] INFO paul delete_post failure
[2025-09-19 04:31:45] INFO steve backup pending
[2025-09-19 04:02:23] INFO steve import failure
[2025-09-19 01:57:50] INFO zane decrypt pending
[2025-09-19 08:14:49] INFO quincy filter failure
[2025-09-19 21:02:04] INFO grace restore timeout
[2025-09-19 07:04:40] INFO ivy download_file retry
[2025-09-19 11:24:37] INFO bob decompress pending
[2025-09-19 07:54:29] INFO jack delete_post timeout
[2025-09-19 00:21:53] INFO bob receive_message failure
[2025-09-19 21:43:15] INFO zane export timeout
[2025-09-19 00:13:03] INFO yara export success
[2025-09-19 09:32:17] INFO zane sort success
[2025-09-19 03:02:03] INFO steve delete_post success
[2025-09-19 11:47:14] INFO zane import retry
[2025-09-19 07:37:48] INFO grace upload_file timeout
[2025-09-19 19:31:13] INFO bob decompress retry
[2025-09-19 21:34:39] INFO tina login success
[2025-09-19 19:18:04] INFO victor compress pending
[2025-09-19 15:01:02] INFO zane download_file failure
[2025-09-19 10:51:17] INFO olivia decrypt timeout
[2025-09-19 04:40:23] INFO leo decompress retry
[2025-09-19 22:35:03] INFO olivia export success
[2025-09-19 14:32:50] INFO alice sort success
[2025-09-19 21:39:39] INFO xander export timeout
[2025-09-19 07:02:48] INFO henry download_file retry
[2025-09-19 01:13:34] INFO zane update_profile success
[2025-09-19 08:22:06] INFO umar update_profile failure
[2025-09-19 12:26:34] INFO victor backup timeout
[2025-09-19 00:22:46] INFO jack download_file pending
[2025-09-19 17:33:09] INFO ivy download_file pending
[2025-09-19 18:17:15] INFO alice sync success
[2025-09-19 05:16:29] INFO ivy filter pending
[2025-09-19 18:45:51] INFO olivia backup failure
[2025-09-19 07:25:49] INFO bob upload_file timeout
[2025-09-19 23:22:49] INFO paul sync failure
[2025-09-19 20:54:44] INFO xander receive_message retry
[2025-09-19 22:05:04] INFO umar send_message success
[2025-09-19 21:57:41] INFO rachel filter success
[2025-09-19 22:10:57] INFO karen backup success
[2025-09-19 15:48:47] INFO david upload_file pending
[2025-09-19 10:36:01] INFO rachel decrypt pending
[2025-09-19 11:47:09] INFO eve sort failure
[2025-09-19 13:25:05] INFO quincy decrypt success
[2025-09-19 19:10:24] INFO xander encrypt pending
[2025-09-19 22:51:41] INFO umar decompress success
[2025-09-19 04:57:33] INFO frank backup success
[2025-09-19 14:04:35] INFO david filter success
[2025-09-19 19:34:34] INFO bob compress retry
[2025-09-19 08:31:52] INFO steve filter retry
[2025-09-19 22:54:55] INFO steve delete_post failure
[2025-09-19 06:01:40] INFO alice sort failure
[2025-09-19 17:17:45] INFO paul sort success
[2025-09-19 12:50:38] INFO jack import failure
[2025-09-19 12:29:16] INFO frank decompress retry
[2025-09-19 15:32:34] INFO paul restore failure
[2025-09-19 06:03:44] INFO henry decompress timeout
[2025-09-19 03:35:04] INFO eve sync failure
[2025-09-19 15:31:11] INFO umar restore failure
[2025-09-19 04:29:40] INFO victor logout failure
[2025-09-19 00:21:21] INFO alice create_post success
[2025-09-19 08:41:54] INFO david upload_file success
[2025-09-19 10:38:41] INFO leo filter failure
[2025-09-19 17:46:57] INFO paul decrypt timeout
[2025-09-19 09:30:37] INFO grace receive_message pending
[2025-09-19 10:07:44] INFO bob delete_post failure
[2025-09-19 22:26:26] INFO grace logout timeout
[2025-09-19 18:12:16] INFO victor login timeout
[2025-09-19 14:54:07] INFO olivia restore failure
[2025-09-19 22:29:45] INFO rachel send_message failure
[2025-09-19 18:33:20] INFO rachel sync retry
[2025-09-19 20:53:42] INFO charlie download_file pending
[2025-09-19 20:50:00] INFO paul send_message success
[2025-09-19 00:18:41] INFO karen create_post success
[2025-09-19 22:23:59] INFO wendy upload_file timeout
[2025-09-19 21:24:34] INFO alice send_message timeout
[2025-09-19 07:45:50] INFO eve filter timeout
[2025-09-19 19:17:10] INFO leo create_post pending
[2025-09-19 02:13:51] INFO frank filter failure
[2025-09-19 14:54:15] INFO eve create_post retry
[2025-09-19 02:30:04] INFO paul sort retry
[2025-09-19 15:58:00] INFO xander logout retry
[2025-09-19 03:06:16] INFO nick filter retry
[2025-09-19 20:36:30] INFO charlie backup failure
[2025-09-19 01:08:16] INFO nick import retry
[2025-09-19 05:02:32] INFO zane logout timeout
[2025-09-19 09:13:34] INFO frank sync success
[2025-09-19 08:50:47] INFO paul create_post pending
[2025-09-19 07:14:13] INFO grace decrypt success
[2025-09-19 01:12:48] INFO victor filter timeout
[2025-09-19 15:18:14] INFO victor create_post failure
[2025-09-19 07:26:29] INFO tina create_post pending
[2025-09-19 22:25:14] INFO ivy compress timeout
[2025-09-19 00:55:39] INFO leo decompress failure
[2025-09-19 23:21:03] INFO henry send_message timeout
[2025-09-19 03:36:14] INFO charlie sync timeout
[2025-09-19 18:57:54] INFO henry import failure
[2025-09-19 22:53:47] INFO zane backup success
[2025-09-19 22:02:58] INFO steve upload_file retry
[2025-09-19 04:10:49] INFO tina search timeout
[2025-09-19 14:07:20] INFO steve sort success
[2025-09-19 11:57:08] INFO olivia sync retry
[2025-09-19 10:20:28] INFO david logout timeout
[2025-09-19 01:06:14] INFO ivy decrypt success
[2025-09-19 08:31:07] INFO frank import timeout
[2025-09-19 17:36:25] INFO umar sync success
[2025-09-19 16:54:29] INFO zane upload_file failure
[2025-09-19 00:36:37] INFO bob search retry
[2025-09-19 15:00:17] INFO umar sync pending
[2025-09-19 17:40:38] INFO steve restore timeout
[2025-09-19 00:04:54] INFO jack download_file retry
[2025-09-19 04:44:17] INFO bob decompress success
[2025-09-19 16:56:14] INFO nick export pending
[2025-09-19 18:26:51] INFO david upload_file retry
[2025-09-19 05:52:00] INFO jack decompress retry
[2025-09-19 20:04:37] INFO nick import failure
[2025-09-19 01:16:45] INFO xander receive_message pending
[2025-09-19 21:55:52] INFO grace sync retry
[2025-09-19 00:16:27] INFO karen compress success
[2025-09-19 19:58:28] INFO xander send_message pending
[2025-09-19 13:57:14] INFO victor login success
[2025-09-19 02:53:58] INFO rachel update_profile retry
[2025-09-19 22:49:26] INFO leo download_file pending
[2025-09-19 06:33:55] INFO rachel search failure
[2025-09-19 13:51:34] INFO yara create_post success
[2025-09-19 14:49:49] INFO tina compress failure
[2025-09-19 00:15:12] INFO umar receive_message retry
[2025-09-19 19:03:19] INFO alice filter timeout
[2025-09-19 17:57:37] INFO quincy logout retry
[2025-09-19 22:49:08] INFO rachel update_profile retry
[2025-09-19 05:32:49] INFO olivia sync failure
[2025-09-19 05:22:58] INFO leo receive_message pending
[2025-09-19 08:07:23] INFO henry sort timeout
[2025-09-19 11:00:56] INFO yara login failure
[2025-09-19 03:42:52] INFO quincy encrypt pending
[2025-09-19 04:55:42] INFO yara login pending
[2025-09-19 05:14:19] INFO david download_file success
[2025-09-19 14:45:25] INFO mona compress timeout
[2025-09-19 09:45:08] INFO xander sync retry
[2025-09-19 15:46:36] INFO victor sync pending
[2025-09-19 17:20:53] INFO henry send_message failure
[2025-09-19 20:25:49] INFO karen receive_message retry
[2025-09-19 11:22:49] INFO umar delete_post failure
[2025-09-19 06:35:58] INFO charlie sort retry
[2025-09-19 08:15:30] INFO mona upload_file pending
[2025-09-19 08:07:44] INFO yara delete_post timeout
[2025-09-19 01:25:19] INFO henry backup timeout
[2025-09-19 23:56:15] INFO wendy decrypt timeout
[2025-09-19 06:38:23] INFO bob receive_message pending
[2025-09-19 21:10:24] INFO quincy sync pending
[2025-09-19 13:50:36] INFO paul update_profile timeout
[2025-09-19 02:27:23] INFO leo create_post success
[2025-09-19 12:48:08] INFO henry sort retry
[2025-09-19 01:49:03] INFO wendy compress retry
[2025-09-19 17:15:39] INFO umar download_file failure
[2025-09-19 23:36:35] INFO quincy logout failure
[2025-09-19 02:02:37] INFO zane filter timeout
[2025-09-19 21:25:33] INFO alice sync timeout
[2025-09-19 04:30:34] INFO charlie delete_post failure
[2025-09-19 18:05:02] INFO olivia import timeout
[2025-09-19 14:33:54] INFO tina send_message failure
[2025-09-19 04:10:46] INFO grace download_file retry
[2025-09-19 08:45:40] INFO yara compress retry
[2025-09-19 00:36:02] INFO grace encrypt success
[2025-09-19 00:08:26] INFO zane download_file pending
[2025-09-19 23:23:19] INFO henry delete_post timeout
[2025-09-19 11:04:49] INFO charlie restore success
[2025-09-19 22:35:04] INFO eve download_file success
[2025-09-19 15:08:18] INFO alice sync success
[2025-09-19 11:52:37] INFO yara download_file failure
[2025-09-19 03:34:51] INFO quincy export timeout
[2025-09-19 16:18:36] INFO alice update_profile pending
[2025-09-19 08:53:00] INFO olivia download_file failure
[2025-09-19 07:16:46] INFO alice sync retry
[2025-09-19 10:44:40] INFO umar receive_message timeout
[2025-09-19 00:13:01] INFO grace decompress retry
[2025-09-19 19:47:53] INFO yara update_profile retry
[2025-09-19 15:20:04] INFO olivia filter success
[2025-09-19 21:05:20] INFO bob send_message failure
[2025-09-19 15:56:04] INFO alice sync failure
[2025-09-19 06:23:35] INFO grace upload_file timeout
[2025-09-19 12:47:39] INFO ivy sync success
[2025-09-19 01:10:19] INFO jack sort retry
[2025-09-19 01:09:32] INFO ivy send_message timeout
[2025-09-19 23:53:45] INFO grace decrypt failure
[2025-09-19 18:29:20] INFO steve export pending
[2025-09-19 17:50:01] INFO alice encrypt retry
[2025-09-19 20:52:40] INFO steve filter success
[2025-09-19 04:36:46] INFO olivia import success
[2025-09-19 04:34:07] INFO leo delete_post retry
[2025-09-19 03:59:27] INFO umar decompress success
[2025-09-19 22:39:58] INFO henry login timeout
[2025-09-19 12:11:42] INFO frank sync pending
[2025-09-19 05:48:39] INFO jack export pending
[2025-09-19 06:24:19] INFO rachel upload_file success
[2025-09-19 12:57:08] INFO xander restore pending
[2025-09-19 10:21:20] INFO alice sort timeout
[2025-09-19 12:27:58] INFO yara filter retry
[2025-09-19 23:55:51] INFO olivia update_profile failure
[2025-09-19 14:32:22] INFO yara upload_file retry
[2025-09-19 08:27:10] INFO mona download_file retry
[2025-09-19 14:28:40] INFO mona delete_post retry
[2025-09-19 18:19:28] INFO paul sync timeout
[2025-09-19 04:03:40] INFO bob update_profile pending
[2025-09-19 19:39:04] INFO ivy upload_file failure
[2025-09-19 14:43:29] INFO leo import failure
[2025-09-19 00:01:54] INFO umar delete_post pending
[2025-09-19 17:49:48] INFO paul encrypt success
[2025-09-19 07:52:51] INFO charlie decrypt pending
[2025-09-19 04:50:31] INFO eve update_profile pending
[2025-09-19 23:10:33] INFO henry sort success
[2025-09-19 20:16:47] INFO eve delete_post success
[2025-09-19 05:29:17] INFO xander encrypt success
[2025-09-19 09:48:54] INFO david send_message failure
[2025-09-19 23:21:01] INFO leo send_message failure
[2025-09-19 14:17:18] INFO zane delete_post success
[2025-09-19 13:48:25] INFO steve receive_message retry
[2025-09-19 14:14:37] INFO victor update_profile pending
[2025-09-19 05:24:51] INFO ivy export failure
[2025-09-19 10:33:24] INFO zane import success
[2025-09-19 20:17:45] INFO olivia logout timeout
[2025-09-19 03:11:31] INFO ivy send_message timeout
[2025-09-19 17:48:04] INFO nick restore timeout
[2025-09-19 21:30:10] INFO wendy create_post timeout
[2025-09-19 03:15:14] INFO tina send_message failure
[2025-09-19 17:08:25] INFO grace sort failure
[2025-09-19 11:21:44] INFO tina update_profile pending
[2025-09-19 14:21:31] INFO alice receive_message pending
[2025-09-19 08:37:21] INFO olivia import success
[2025-09-19 15:08:08] INFO nick decompress timeout
[2025-09-19 06:38:19] INFO karen compress success
[2025-09-19 09:05:20] INFO eve receive_message pending
[2025-09-19 08:03:12] INFO paul upload_file success
[2025-09-19 13:42:51] INFO grace decrypt success
[2025-09-19 08:48:55] INFO xander update_profile failure
[2025-09-19 09:55:25] INFO zane backup timeout
[2025-09-19 09:23:29] INFO quincy import retry
[2025-09-19 18:09:52] INFO rachel backup success
[2025-09-19 04:38:54] INFO steve download_file pending
[2025-09-19 15:17:05] INFO yara restore timeout
[2025-09-19 18:46:29] INFO quincy search pending
[2025-09-19 22:41:11] INFO karen receive_message success
[2025-09-19 11:11:01] INFO tina search pending
[2025-09-19 04:40:02] INFO nick upload_file failure
[2025-09-19 03:25:55] INFO frank upload_file failure
[2025-09-19 23:15:09] INFO paul search retry
[2025-09-19 07:39:52] INFO umar create_post failure
[2025-09-19 11:14:50] INFO zane send_message timeout
[2025-09-19 00:54:46] INFO leo login failure
[2025-09-19 06:50:13] INFO quincy delete_post retry
[2025-09-19 20:37:16] INFO victor receive_message pending
[2025-09-19 06:05:51] INFO xander download_file success
[2025-09-19 08:19:47] INFO ivy decompress timeout
[2025-09-19 11:41:06] INFO nick backup timeout
[2025-09-19 23:54:33] INFO xander search retry
[2025-09-19 05:04:59] INFO zane create_post retry
[2025-09-19 02:42:42] INFO mona delete_post retry
[2025-09-19 16:09:20] INFO steve import pending
[2025-09-19 13:55:10] INFO karen upload_file retry
[2025-09-19 01:55:33] INFO yara logout pending
[2025-09-19 08:45:32] INFO quincy search pending
[2025-09-19 17:40:55] INFO zane update_profile failure
[2025-09-19 19:01:27] INFO mona sort success
[2025-09-19 21:35:34] INFO alice create_post failure
[2025-09-19 08:22:12] INFO grace import success
[2025-09-19 11:49:30] INFO umar encrypt failure
[2025-09-19 15:42:32] INFO tina backup timeout
[2025-09-19 02:46:55] INFO leo backup pending
[2025-09-19 20:58:56] INFO victor login retry
[2025-09-19 20:04:10] INFO mona sync retry
[2025-09-19 12:46:02] INFO tina filter failure
[2025-09-19 18:39:30] INFO olivia backup failure
[2025-09-19 02:23:58] INFO tina filter pending
[2025-09-19 17:28:09] INFO xander decrypt failure
[2025-09-19 16:11:55] INFO bob restore success
[2025-09-19 01:30:51] INFO eve compress pending
[2025-09-19 02:06:20] INFO nick download_file failure
[2025-09-19 15:39:29] INFO xander logout failure
[2025-09-19 15:06:04] INFO david filter failure
[2025-09-19 18:43:01] INFO wendy logout retry
[2025-09-19 13:54:54] INFO grace update_profile pending
[2025-09-19 13:57:25] INFO charlie search success
[2025-09-19 07:33:23] INFO yara send_message timeout
[2025-09-19 14:47:11] INFO charlie export failure
[2025-09-19 17:52:53] INFO paul logout timeout
[2025-09-19 22:17:25] INFO wendy delete_post failure
[2025-09-19 20:02:29] INFO quincy login timeout
[2025-09-19 11:17:58] INFO zane backup failure
[2025-09-19 13:37:12] INFO bob create_post failure
[2025-09-19 23:08:19] INFO paul update_profile pending
[2025-09-19 04:44:22] INFO eve restore retry
[2025-09-19 08:14:24] INFO bob update_profile failure
[2025-09-19 07:46:43] INFO steve import retry
[2025-09-19 06:08:59] INFO ivy import success
[2025-09-19 19:21:26] INFO zane decrypt timeout
[2025-09-19 10:24:14] INFO david export pending
[2025-09-19 15:06:46] INFO nick encrypt timeout
[2025-09-19 18:23:06] INFO jack delete_post pending
[2025-09-19 10:01:06] INFO jack import timeout
[2025-09-19 22:38:24] INFO olivia send_message failure
[2025-09-19 07:18:26] INFO frank export timeout
[2025-09-19 16:30:50] INFO tina encrypt pending
[2025-09-19 22:34:10] INFO henry decrypt retry
[2025-09-19 22:10:11] INFO bob restore success
[2025-09-19 00:37:08] INFO quincy sync retry
[2025-09-19 01:07:37] INFO olivia decrypt success
[2025-09-19 05:36:40] INFO zane encrypt timeout
[2025-09-19 20:17:32] INFO quincy login retry
[2025-09-19 03:10:43] INFO tina receive_message failure
[2025-09-19 02:15:01] INFO umar receive_message timeout
[2025-09-19 21:40:14] INFO alice encrypt failure
[2025-09-19 12:07:00] INFO victor filter retry
[2025-09-19 19:46:26] INFO tina encrypt failure
[2025-09-19 03:05:49] INFO umar login retry
[2025-09-19 07:28:50] INFO steve receive_message retry
[2025-09-19 11:54:41] INFO henry sync success
[2025-09-19 05:15:41] INFO grace decompress retry
[2025-09-19 19:09:24] INFO paul sort pending
[2025-09-19 14:36:21] INFO victor decompress timeout
[2025-09-19 17:34:10] INFO olivia decompress pending
[2025-09-19 10:08:48] INFO xander send_message timeout
[2025-09-19 08:46:34] INFO xander search retry
[2025-09-19 21:38:34] INFO nick restore pending
[2025-09-19 03:13:31] INFO zane download_file pending
[2025-09-19 19:36:16] INFO paul export pending
[2025-09-19 23:38:11] INFO mona backup success
[2025-09-19 16:08:43] INFO henry receive_message success
[2025-09-19 23:46:00] INFO steve decrypt timeout
[2025-09-19 02:22:04] INFO karen login retry
[2025-09-19 20:49:32] INFO rachel import failure
[2025-09-19 11:58:48] INFO olivia filter success
[2025-09-19 10:46:56] INFO bob receive_message failure
[2025-09-19 11:34:04] INFO henry backup retry
[2025-09-19 02:53:38] INFO karen sync failure
[2025-09-19 23:36:16] INFO steve filter retry
[2025-09-19 01:55:14] INFO steve send_message retry
[2025-09-19 15:10:40] INFO umar create_post timeout
[2025-09-19 23:35:02] INFO quincy backup timeout
[2025-09-19 07:15:38] INFO olivia send_message pending
[2025-09-19 01:22:46] INFO grace delete_post pending
[2025-09-19 02:59:58] INFO henry export failure
[2025-09-19 00:33:48] INFO olivia download_file pending
[2025-09-19 22:29:25] INFO bob decrypt retry
[2025-09-19 11:17:33] INFO david upload_file failure
[2025-09-19 11:45:32] INFO yara restore pending
[2025-09-19 18:21:01] INFO leo logout retry
[2025-09-19 15:53:20] INFO david decrypt pending
[2025-09-19 00:19:01] INFO victor upload_file success
[2025-09-19 03:47:34] INFO rachel search success
[2025-09-19 07:33:05] INFO karen upload_file success
[2025-09-19 03:24:08] INFO steve update_profile retry
[2025-09-19 20:59:18] INFO karen create_post pending
[2025-09-19 07:40:28] INFO wendy encrypt success
[2025-09-19 07:58:52] INFO jack decrypt success
[2025-09-19 04:34:33] INFO steve import timeout
[2025-09-19 01:44:03] INFO mona logout timeout
[2025-09-19 19:29:14] INFO xander filter timeout
[2025-09-19 18:32:55] INFO paul upload_file pending
[2025-09-19 15:30:24] INFO nick upload_file retry
[2025-09-19 12:43:06] INFO karen decrypt pending
[2025-09-19 21:26:15] INFO olivia update_profile timeout
[2025-09-19 22:26:40] INFO frank encrypt failure
[2025-09-19 20:10:22] INFO bob receive_message pending
[2025-09-19 11:38:57] INFO mona export success
[2025-09-19 11:06:26] INFO david backup failure
[2025-09-19 01:16:04] INFO alice update_profile pending
[2025-09-19 15:21:40] INFO umar import timeout
[2025-09-19 06:10:57] INFO steve decompress retry
[2025-09-19 09:33:50] INFO xander send_message success
[2025-09-19 04:35:48] INFO ivy decrypt pending
[2025-09-19 22:09:30] INFO xander compress pending
[2025-09-19 00:01:57] INFO tina upload_file retry
[2025-09-19 21:48:25] INFO rachel create_post timeout
[2025-09-19 06:04:53] INFO umar sort retry
[2025-09-19 11:43:08] INFO steve logout success
[2025-09-19 11:39:44] INFO nick decrypt timeout
[2025-09-19 08:11:11] INFO steve sync timeout
[2025-09-19 15:48:58] INFO yara logout failure
[2025-09-19 20:27:58] INFO quincy update_profile timeout
[2025-09-19 05:29:35] INFO grace filter failure
[2025-09-19 04:26:07] INFO david decompress retry
[2025-09-19 09:21:16] INFO jack restore success
[2025-09-19 00:11:01] INFO karen decompress timeout
[2025-09-19 18:38:53] INFO henry sync success
[2025-09-19 08:57:26] INFO leo login retry
[2025-09-19 22:46:06] INFO olivia login timeout
[2025-09-19 00:19:33] INFO david filter retry
[2025-09-19 17:16:04] INFO xander create_post pending
[2025-09-19 10:40:13] INFO eve upload_file pending
[2025-09-19 10:24:58] INFO grace backup success
[2025-09-19 07:02:53] INFO bob restore success
[2025-09-19 20:03:09] INFO leo send_message timeout
[2025-09-19 01:57:47] INFO umar import pending
[2025-09-19 04:37:49] INFO alice login pending
[2025-09-19 02:15:48] INFO henry send_message retry
[2025-09-19 23:39:58] INFO grace upload_file success
[2025-09-19 05:38:52] INFO eve decompress success
[2025-09-19 01:19:12] INFO frank logout retry
[2025-09-19 23:49:50] INFO alice compress pending
[2025-09-19 06:26:48] INFO grace logout pending
[2025-09-19 12:45:56] INFO henry import retry
[2025-09-19 01:49:19] INFO paul search success
[2025-09-19 13:03:15] INFO mona logout failure
[2025-09-19 22:52:51] INFO henry export timeout
[2025-09-19 22:44:58] INFO grace backup success
[2025-09-19 16:46:16] INFO frank delete_post pending
[2025-09-19 19:55:03] INFO xander compress timeout
[2025-09-19 19:41:10] INFO karen delete_post failure
[2025-09-19 09:53:30] INFO grace send_message success
[2025-09-19 08:04:47] INFO david compress success
[2025-09-19 16:57:39] INFO karen import retry
[2025-09-19 10:56:25] INFO steve export retry
[2025-09-19 01:24:13] INFO wendy restore failure
[2025-09-19 05:31:19] INFO alice upload_file pending
[2025-09-19 18:34:31] INFO karen search retry
[2025-09-19 04:20:07] INFO ivy create_post pending
[2025-09-19 12:19:33] INFO charlie logout pending
[2025-09-19 15:49:49] INFO rachel sort failure
[2025-09-19 17:53:08] INFO leo delete_post success
[2025-09-19 02:57:40] INFO mona sort timeout
[2025-09-19 11:47:02] INFO wendy create_post failure
[2025-09-19 07:41:40] INFO bob download_file retry
[2025-09-19 11:09:28] INFO karen export success
[2025-09-19 09:23:30] INFO charlie restore pending
[2025-09-19 13:19:04] INFO charlie logout retry
[2025-09-19 06:25:50] INFO grace restore timeout
[2025-09-19 05:44:38] INFO alice filter success
[2025-09-19 06:00:32] INFO rachel export success
[2025-09-19 10:57:40] INFO henry decompress timeout
[2025-09-19 22:42:40] INFO mona restore retry
[2025-09-19 07:12:40] INFO leo export failure
[2025-09-19 06:16:10] INFO steve encrypt failure
[2025-09-19 16:22:13] INFO david sync success
[2025-09-19 12:31:26] INFO nick upload_file success
[2025-09-19 20:24:07] INFO yara receive_message success
[2025-09-19 05:40:42] INFO nick send_message pending
[2025-09-19 22:45:23] INFO umar upload_file pending
[2025-09-19 00:01:24] INFO nick decompress timeout
[2025-09-19 19:30:02] INFO jack search success
[2025-09-19 16:10:55] INFO paul backup pending
[2025-09-19 22:22:05] INFO ivy compress timeout
[2025-09-19 08:20:23] INFO victor login timeout
[2025-09-19 12:20:25] INFO eve logout success
[2025-09-19 13:58:29] INFO mona decrypt retry
[2025-09-19 08:00:14] INFO tina restore failure
[2025-09-19 10:05:11] INFO olivia filter timeout
[2025-09-19 23:20:40] INFO olivia create_post pending
[2025-09-19 09:35:26] INFO xander receive_message success
[2025-09-19 14:31:22] INFO alice decompress failure
[2025-09-19 02:14:01] INFO bob export retry
[2025-09-19 22:19:09] INFO david decrypt failure
[2025-09-19 22:51:31] INFO olivia sync timeout
[2025-09-19 09:33:22] INFO grace backup timeout
[2025-09-19 04:46:35] INFO quincy sync success
[2025-09-19 20:31:22] INFO tina restore failure
[2025-09-19 05:03:06] INFO tina decompress success
[2025-09-19 16:58:59] INFO bob export failure
[2025-09-19 10:00:25] INFO olivia sort failure
[2025-09-19 20:42:26] INFO umar filter failure
[2025-09-19 22:12:13] INFO paul create_post retry
[2025-09-19 03:32:41] INFO charlie upload_file success
[2025-09-19 16:38:18] INFO paul create_post success
[2025-09-19 06:35:20] INFO nick compress retry
[2025-09-19 08:23:13] INFO xander logout pending
[2025-09-19 07:40:40] INFO zane download_file failure
[2025-09-19 04:34:55] INFO henry decompress pending
[2025-09-19 05:21:36] INFO quincy logout failure
[2025-09-19 16:48:28] INFO tina login pending
[2025-09-19 19:17:36] INFO tina search pending
[2025-09-19 16:34:11] INFO olivia backup timeout
[2025-09-19 03:06:31] INFO paul compress retry
[2025-09-19 17:58:29] INFO leo delete_post pending
[2025-09-19 15:05:22] INFO yara sync retry
[2025-09-19 07:12:40] INFO leo export retry
[2025-09-19 11:02:37] INFO paul decompress pending
[2025-09-19 19:43:25] INFO umar compress timeout
[2025-09-19 20:22:31] INFO jack sync timeout
[2025-09-19 04:39:32] INFO charlie compress retry
[2025-09-19 21:00:36] INFO grace restore success
[2025-09-19 05:40:24] INFO yara encrypt failure
[2025-09-19 12:50:22] INFO umar send_message failure
[2025-09-19 12:28:04] INFO charlie create_post retry
[2025-09-19 05:33:12] INFO olivia login failure
[2025-09-19 11:32:10] INFO rachel compress pending
[2025-09-19 01:41:49] INFO eve sync retry
[2025-09-19 09:26:54] INFO david send_message failure
[2025-09-19 00:54:29] INFO xander download_file retry
[2025-09-19 06:34:42] INFO xander download_file retry
[2025-09-19 03:38:40] INFO victor backup retry
[2025-09-19 19:24:36] INFO bob restore pending
[2025-09-19 19:05:47] INFO paul upload_file success
[2025-09-19 11:27:15] INFO rachel logout retry
[2025-09-19 15:19:55] INFO nick sync failure
[2025-09-19 05:05:29] INFO mona login retry
[2025-09-19 22:45:01] INFO mona encrypt failure
[2025-09-19 04:28:32] INFO wendy search pending
[2025-09-19 00:51:23] INFO charlie sync retry
[2025-09-19 04:37:33] INFO henry import pending
[2025-09-19 09:03:21] INFO henry sort pending
[2025-09-19 08:05:39] INFO rachel sync pending
[2025-09-19 15:40:16] INFO paul login timeout
[2025-09-19 16:23:01] INFO rachel compress pending
[2025-09-19 03:25:45] INFO ivy create_post pending
[2025-09-19 09:45:18] INFO rachel compress retry
[2025-09-19 06:57:15] INFO leo sort failure
[2025-09-19 21:58:34] INFO rachel logout success
[2025-09-19 22:21:16] INFO david delete_post success
[2025-09-19 07:06:39] INFO mona compress pending
[2025-09-19 01:46:59] INFO leo sort pending
[2025-09-19 07:25:28] INFO paul decompress retry
[2025-09-19 11:37:18] INFO nick import pending
[2025-09-19 00:43:17] INFO karen logout timeout
[2025-09-19 06:25:58] INFO david backup retry
[2025-09-19 00:07:25] INFO jack upload_file failure
[2025-09-19 10:13:10] INFO ivy search timeout
[2025-09-19 15:30:30] INFO steve export success
[2025-09-19 09:05:00] INFO paul compress pending
[2025-09-19 16:30:20] INFO umar update_profile retry
[2025-09-19 12:58:53] INFO ivy sort retry
[2025-09-19 09:34:24] INFO nick receive_message failure
[2025-09-19 06:55:15] INFO olivia decompress pending
[2025-09-19 10:35:59] INFO alice login pending
[2025-09-19 06:47:48] INFO paul compress failure
[2025-09-19 08:39:18] INFO leo update_profile timeout
[2025-09-19 02:32:04] INFO ivy restore pending
[2025-09-19 08:37:38] INFO yara compress timeout
[2025-09-19 09:12:00] INFO bob download_file retry
[2025-09-19 12:51:21] INFO steve sort pending
[2025-09-19 19:17:57] INFO victor receive_message success
[2025-09-19 08:58:36] INFO charlie delete_post retry
[2025-09-19 12:05:36] INFO umar sort failure
[2025-09-19 10:50:36] INFO grace create_post timeout
[2025-09-19 08:54:25] INFO bob backup success
[2025-09-19 05:55:04] INFO xander logout failure
[2025-09-19 07:35:04] INFO grace sort retry
[2025-09-19 19:53:57] INFO wendy send_message success
[2025-09-19 08:49:15] INFO wendy receive_message success
[2025-09-19 20:40:10] INFO henry send_message retry
[2025-09-19 03:40:58] INFO nick upload_file success
[2025-09-19 20:11:56] INFO paul logout failure
[2025-09-19 07:45:03] INFO quincy delete_post failure
[2025-09-19 14:27:51] INFO ivy upload_file timeout
[2025-09-19 06:24:00] INFO tina decrypt retry
[2025-09-19 01:52:31] INFO nick update_profile failure
[2025-09-19 05:00:12] INFO bob sort pending
[2025-09-19 07:44:39] INFO olivia login failure
[2025-09-19 02:32:26] INFO ivy download_file retry
[2025-09-19 16:02:02] INFO victor export pending
[2025-09-19 22:06:23] INFO tina sync pending
[2025-09-19 10:49:23] INFO nick decompress retry
[2025-09-19 12:39:52] INFO alice backup failure
[2025-09-19 16:21:33] INFO jack export failure
[2025-09-19 18:28:19] INFO ivy import pending
[2025-09-19 02:19:19] INFO xander export timeout
[2025-09-19 00:07:22] INFO david import timeout
[2025-09-19 17:36:29] INFO paul search pending
[2025-09-19 14:00:28] INFO karen compress success
[2025-09-19 11:34:02] INFO jack filter pending
[2025-09-19 14:27:12] INFO eve receive_message success
[2025-09-19 09:40:44] INFO charlie filter pending
[2025-09-19 23:48:11] INFO charlie restore pending
[2025-09-19 11:53:01] INFO karen create_post failure
[2025-09-19 12:26:11] INFO steve search pending
[2025-09-19 14:27:59] INFO eve create_post pending
[2025-09-19 19:41:44] INFO alice receive_message failure
[2025-09-19 05:56:45] INFO rachel create_post pending
[2025-09-19 09:44:49] INFO frank filter success
[2025-09-19 10:02:56] INFO paul restore success
[2025-09-19 17:58:33] INFO victor backup success
[2025-09-19 18:25:27] INFO charlie logout timeout
[2025-09-19 06:27:31] INFO steve create_post pending
[2025-09-19 07:18:25] INFO tina search timeout
[2025-09-19 21:07:22] INFO alice delete_post success
[2025-09-19 11:52:37] INFO tina download_file pending
[2025-09-19 22:25:09] INFO frank download_file success
[2025-09-19 18:28:15] INFO bob receive_message retry
[2025-09-19 18:39:26] INFO victor login pending
[2025-09-19 12:29:40] INFO wendy import timeout
[2025-09-19 23:30:05] INFO jack backup failure
[2025-09-19 11:33:19] INFO jack upload_file failure
[2025-09-19 04:18:28] INFO david receive_message timeout
[2025-09-19 22:05:47] INFO umar decompress pending
[2025-09-19 09:44:07] INFO umar sort timeout
[2025-09-19 03:12:53] INFO mona download_file success
[2025-09-19 14:45:05] INFO bob export retry
[2025-09-19 19:47:08] INFO tina filter success
[2025-09-19 18:04:08] INFO quincy export failure
[2025-09-19 21:34:18] INFO grace export timeout
[2025-09-19 23:09:34] INFO olivia sync success
[2025-09-19 22:39:29] INFO leo import retry
[2025-09-19 05:14:59] INFO mona upload_file pending
[2025-09-19 06:02:02] INFO ivy upload_file retry
[2025-09-19 15:06:59] INFO mona encrypt pending
[2025-09-19 14:05:30] INFO rachel download_file failure
[2025-09-19 20:54:09] INFO karen decrypt timeout
[2025-09-19 20:22:04] INFO jack export success
[2025-09-19 02:40:24] INFO ivy search retry
[2025-09-19 17:55:08] INFO henry logout retry
[2025-09-19 20:59:14] INFO quincy backup timeout
[2025-09-19 21:40:06] INFO paul upload_file pending
[2025-09-19 00:48:08] INFO ivy upload_file timeout
[2025-09-19 04:58:19] INFO leo backup pending
[2025-09-19 00:28:57] INFO jack compress retry
[2025-09-19 23:23:18] INFO quincy import failure
[2025-09-19 20:47:50] INFO alice backup pending
[2025-09-19 18:23:11] INFO steve filter failure
[2025-09-19 21:39:53] INFO alice filter pending
[2025-09-19 09:33:41] INFO frank update_profile failure
[2025-09-19 01:28:54] INFO ivy download_file pending
[2025-09-19 17:09:33] INFO xander import pending
[2025-09-19 00:29:06] INFO xander export pending
[2025-09-19 02:44:39] INFO zane create_post timeout
[2025-09-19 06:30:43] INFO tina import retry
[2025-09-19 11:33:03] INFO ivy sync retry
[2025-09-19 12:19:28] INFO steve restore pending
[2025-09-19 14:30:05] INFO zane encrypt timeout
[2025-09-19 13:39:55] INFO charlie backup success
[2025-09-19 11:04:36] INFO ivy upload_file failure
[2025-09-19 11:09:06] INFO grace decrypt pending
[2025-09-19 06:20:29] INFO jack update_profile failure
[2025-09-19 16:13:01] INFO karen create_post pending
[2025-09-19 19:24:46] INFO wendy create_post success
[2025-09-19 21:43:35] INFO grace download_file pending
[2025-09-19 22:02:32] INFO paul search retry
[2025-09-19 02:12:09] INFO karen backup failure
[2025-09-19 21:12:56] INFO tina decrypt timeout
[2025-09-19 02:06:15] INFO paul encrypt retry
[2025-09-19 09:07:32] INFO olivia backup timeout
[2025-09-19 17:43:47] INFO umar upload_file timeout
[2025-09-19 14:36:24] INFO eve login retry
[2025-09-19 07:26:25] INFO charlie receive_message pending
[2025-09-19 02:12:02] INFO rachel delete_post retry
[2025-09-19 03:44:33] INFO frank decompress failure
[2025-09-19 08:01:46] INFO leo search retry
[2025-09-19 21:27:39] INFO charlie send_message success
[2025-09-19 19:25:10] INFO rachel filter success
[2025-09-19 02:30:37] INFO nick create_post pending
[2025-09-19 13:21:55] INFO rachel download_file failure
[2025-09-19 05:36:33] INFO bob decrypt retry
[2025-09-19 19:56:35] INFO grace decrypt pending
[2025-09-19 15:28:34] INFO yara encrypt success
[2025-09-19 11:49:00] INFO wendy send_message retry
[2025-09-19 03:55:50] INFO grace update_profile retry
[2025-09-19 12:37:20] INFO quincy update_profile failure
[2025-09-19 18:29:49] INFO yara delete_post retry
[2025-09-19 06:48:24] INFO eve import failure
[2025-09-19 18:17:58] INFO steve decrypt retry
[2025-09-19 21:19:13] INFO mona sync timeout
[2025-09-19 20:10:03] INFO xander search retry
[2025-09-19 16:49:21] INFO nick decompress pending
[2025-09-19 20:07:41] INFO ivy backup success
[2025-09-19 08:56:16] INFO wendy send_message timeout
[2025-09-19 16:40:06] INFO frank update_profile retry
[2025-09-19 18:16:33] INFO ivy receive_message timeout
[2025-09-19 17:02:10] INFO olivia sort pending
[2025-09-19 03:32:50] INFO nick filter failure
[2025-09-19 23:27:33] INFO yara create_post pending
[2025-09-19 03:27:08] INFO quincy update_profile failure
[2025-09-19 18:40:12] INFO leo encrypt pending
[2025-09-19 17:49:58] INFO umar delete_post failure
[2025-09-19 16:02:14] INFO paul sync success
[2025-09-19 22:42:58] INFO grace logout timeout
[2025-09-19 04:01:31] INFO yara encrypt success
[2025-09-19 10:27:46] INFO umar backup timeout
[2025-09-19 23:15:20] INFO eve send_message success
[2025-09-19 11:09:03] INFO bob create_post retry
[2025-09-19 14:54:34] INFO quincy update_profile retry
[2025-09-19 02:31:34] INFO henry restore failure
[2025-09-19 06:47:48] INFO mona compress failure
[2025-09-19 23:33:36] INFO frank sort pending
[2025-09-19 14:46:14] INFO paul filter retry
[2025-09-19 21:39:05] INFO leo search pending
[2025-09-19 08:02:30] INFO olivia create_post success
[2025-09-19 12:35:00] INFO olivia encrypt failure
[2025-09-19 15:17:46] INFO umar backup retry
[2025-09-19 01:30:39] INFO paul logout timeout
[2025-09-19 13:48:59] INFO mona encrypt success
[2025-09-19 10:21:21] INFO frank decrypt pending
[2025-09-19 15:22:18] INFO frank send_message success
[2025-09-19 06:04:56] INFO henry send_message timeout
[2025-09-19 19:59:00] INFO henry search retry
[2025-09-19 08:18:16] INFO leo create_post success
[2025-09-19 04:19:15] INFO charlie compress pending
[2025-09-19 22:22:19] INFO david create_post success
[2025-09-19 07:54:24] INFO henry create_post success
[2025-09-19 09:11:14] INFO leo send_message timeout
[2025-09-19 22:18:16] INFO bob upload_file pending
[2025-09-19 00:22:17] INFO victor import success
[2025-09-19 10:26:50] INFO wendy search timeout
[2025-09-19 02:10:07] INFO alice import pending
[2025-09-19 05:38:08] INFO karen export timeout
[2025-09-19 04:00:07] INFO quincy search success
[2025-09-19 12:14:37] INFO bob update_profile retry
[2025-09-19 11:40:04] INFO yara download_file pending
[2025-09-19 02:02:08] INFO eve restore success
[2025-09-19 15:35:02] INFO ivy backup timeout
[2025-09-19 08:23:36] INFO jack filter timeout
[2025-09-19 19:36:10] INFO jack login timeout
[2025-09-19 09:27:25] INFO tina logout retry
[2025-09-19 13:38:30] INFO wendy upload_file retry
[2025-09-19 00:34:28] INFO steve delete_post retry
[2025-09-19 17:16:41] INFO victor encrypt failure
[2025-09-19 12:44:35] INFO eve decrypt pending
[2025-09-19 13:09:47] INFO tina export failure
[2025-09-19 23:29:15] INFO xander search timeout
[2025-09-19 06:06:40] INFO david decompress retry
[2025-09-19 07:08:16] INFO karen compress success
[2025-09-19 03:50:40] INFO ivy upload_file failure
[2025-09-19 06:36:51] INFO frank filter retry
[2025-09-19 03:29:05] INFO olivia export failure
[2025-09-19 19:35:44] INFO victor decompress success
[2025-09-19 05:41:05] INFO yara import timeout
[2025-09-19 00:49:42] INFO yara decompress failure
[2025-09-19 14:10:47] INFO alice sort timeout
[2025-09-19 11:16:19] INFO quincy encrypt success
[2025-09-19 19:50:18] INFO david compress timeout
[2025-09-19 11:35:42] INFO mona decrypt timeout
[2025-09-19 10:50:28] INFO umar decrypt retry
[2025-09-19 21:50:48] INFO leo restore failure
[2025-09-19 02:51:42] INFO xander export timeout
[2025-09-19 07:08:13] INFO nick restore timeout
[2025-09-19 16:34:30] INFO eve decompress retry
[2025-09-19 23:34:31] INFO mona search retry
[2025-09-19 09:54:18] INFO jack delete_post success
[2025-09-19 18:04:51] INFO steve filter retry
[2025-09-19 15:54:16] INFO victor compress timeout
[2025-09-19 22:59:49] INFO victor download_file success
[2025-09-19 03:21:02] INFO victor update_profile failure
[2025-09-19 11:17:01] INFO ivy upload_file pending
[2025-09-19 07:12:08] INFO olivia download_file retry
[2025-09-19 22:49:46] INFO quincy search retry
[2025-09-19 05:24:43] INFO wendy compress timeout
[2025-09-19 06:31:38] INFO yara download_file retry
[2025-09-19 16:09:08] INFO zane send_message pending
[2025-09-19 04:58:35] INFO alice create_post failure
[2025-09-19 18:34:24] INFO bob decrypt retry
[2025-09-19 14:37:51] INFO paul sort failure
[2025-09-19 02:48:56] INFO yara restore success
[2025-09-19 18:54:22] INFO mona export timeout
[2025-09-19 16:32:36] INFO bob delete_post pending
[2025-09-19 01:20:39] INFO victor delete_post failure
[2025-09-19 19:49:16] INFO yara restore timeout
[2025-09-19 20:19:17] INFO steve search success
[2025-09-19 09:30:53] INFO quincy send_message success
[2025-09-19 09:14:23] INFO frank export retry
[2025-09-19 03:39:33] INFO quincy create_post pending
[2025-09-19 05:10:01] INFO mona encrypt timeout
[2025-09-19 16:18:47] INFO olivia filter failure
[2025-09-19 03:48:43] INFO charlie decompress pending
[2025-09-19 21:25:51] INFO leo update_profile failure
[2025-09-19 19:10:35] INFO rachel download_file success
[2025-09-19 06:24:31] INFO leo upload_file timeout
[2025-09-19 04:59:01] INFO umar search timeout
[2025-09-19 06:51:10] INFO tina sort failure
[2025-09-19 15:16:11] INFO jack filter failure
[2025-09-19 22:44:41] INFO frank login success
[2025-09-19 05:06:41] INFO david login failure
[2025-09-19 05:07:00] INFO zane import retry
[2025-09-19 02:52:52] INFO wendy compress failure
[2025-09-19 02:57:28] INFO frank decrypt pending
[2025-09-19 08:36:47] INFO leo send_message pending
[2025-09-19 21:25:05] INFO olivia export timeout
[2025-09-19 08:48:35] INFO olivia receive_message pending
[2025-09-19 14:20:37] INFO paul sync failure
[2025-09-19 15:55:44] INFO xander create_post timeout
[2025-09-19 17:43:14] INFO grace export timeout
[2025-09-19 05:18:52] INFO rachel compress pending
[2025-09-19 23:39:05] INFO jack delete_post success
[2025-09-19 04:30:44] INFO wendy decrypt failure
[2025-09-19 03:39:58] INFO umar encrypt pending
[2025-09-19 22:24:11] INFO charlie login failure
[2025-09-19 10:35:04] INFO olivia sort timeout
[2025-09-19 05:30:28] INFO steve delete_post success
[2025-09-19 03:44:02] INFO bob login timeout
[2025-09-19 04:15:55] INFO henry sync pending
[2025-09-19 10:20:36] INFO charlie update_profile success
[2025-09-19 19:14:19] INFO olivia restore failure
[2025-09-19 07:59:24] INFO alice import pending
[2025-09-19 04:56:59] INFO leo send_message retry
[2025-09-19 13:18:46] INFO paul import success
[2025-09-19 00:16:00] INFO alice restore success
[2025-09-19 07:52:28] INFO eve sync success
[2025-09-19 03:55:14] INFO rachel import pending
[2025-09-19 20:32:15] INFO jack compress retry
[2025-09-19 13:45:04] INFO frank sync failure
[2025-09-19 03:55:45] INFO quincy encrypt retry
[2025-09-19 06:00:07] INFO wendy compress retry
[2025-09-19 13:38:39] INFO zane send_message success
[2025-09-19 06:58:49] INFO yara decrypt pending
[2025-09-19 00:21:48] INFO olivia decompress failure
[2025-09-19 10:15:01] INFO xander restore success
[2025-09-19 05:25:41] INFO mona send_message success
[2025-09-19 04:23:54] INFO ivy delete_post timeout
[2025-09-19 15:24:36] INFO rachel download_file timeout
[2025-09-19 01:05:46] INFO umar import success
[2025-09-19 17:58:23] INFO eve create_post failure
[2025-09-19 07:18:31] INFO eve create_post pending
[2025-09-19 05:06:57] INFO steve login success
[2025-09-19 08:52:33] INFO henry sort retry
[2025-09-19 18:43:22] INFO alice upload_file retry
[2025-09-19 20:29:30] INFO grace decrypt failure
[2025-09-19 08:47:20] INFO grace delete_post pending
[2025-09-19 17:25:32] INFO eve compress failure
[2025-09-19 16:05:39] INFO jack search timeout
[2025-09-19 11:04:25] INFO quincy search timeout
[2025-09-19 01:24:27] INFO victor download_file retry
[2025-09-19 03:48:59] INFO rachel sync success
[2025-09-19 23:39:17] INFO steve search retry
[2025-09-19 11:21:06] INFO steve decrypt retry
[2025-09-19 18:24:27] INFO alice send_message retry
[2025-09-19 09:00:41] INFO quincy encrypt failure
[2025-09-19 09:50:35] INFO wendy login failure
[2025-09-19 00:03:32] INFO victor backup failure
[2025-09-19 10:28:18] INFO mona send_message retry
[2025-09-19 03:17:59] INFO frank compress retry
[2025-09-19 18:05:41] INFO jack sort success
[2025-09-19 10:58:03] INFO mona logout timeout
[2025-09-19 17:26:42] INFO leo logout success
[2025-09-19 18:21:14] INFO paul sync failure
[2025-09-19 18:49:08] INFO tina filter success
[2025-09-19 17:35:09] INFO jack delete_post failure
[2025-09-19 20:07:44] INFO steve compress timeout
[2025-09-19 13:57:27] INFO jack backup pending
[2025-09-19 20:41:50] INFO henry filter failure
[2025-09-19 03:16:07] INFO grace upload_file failure
[2025-09-19 00:00:49] INFO henry search success
[2025-09-19 21:59:33] INFO steve sync timeout
[2025-09-19 02:27:18] INFO david update_profile failure
[2025-09-19 23:41:37] INFO henry sort success
[2025-09-19 16:21:10] INFO olivia sync retry
[2025-09-19 16:42:26] INFO olivia create_post failure
[2025-09-19 10:01:43] INFO mona login failure
[2025-09-19 07:14:53] INFO frank create_post retry
[2025-09-19 07:50:17] INFO leo logout pending
[2025-09-19 16:02:19] INFO tina encrypt success
[2025-09-19 10:53:52] INFO eve upload_file success
[2025-09-19 08:51:36] INFO victor decrypt timeout
[2025-09-19 04:54:53] INFO zane delete_post success
[2025-09-19 06:13:31] INFO henry encrypt timeout
[2025-09-19 13:18:10] INFO mona update_profile timeout
[2025-09-19 02:42:02] INFO leo delete_post timeout
[2025-09-19 16:47:03] INFO paul search timeout
[2025-09-19 23:22:29] INFO tina search pending
[2025-09-19 12:44:04] INFO quincy receive_message retry
[2025-09-19 07:20:06] INFO paul decrypt success
[2025-09-19 22:05:32] INFO xander restore pending
[2025-09-19 01:52:26] INFO frank sort retry
[2025-09-19 12:14:17] INFO grace sort failure
[2025-09-19 22:17:34] INFO victor import timeout
[2025-09-19 08:17:07] INFO frank filter timeout
[2025-09-19 22:14:45] INFO alice import success
[2025-09-19 14:17:35] INFO mona filter failure
[2025-09-19 20:48:37] INFO eve search failure
[2025-09-19 20:29:05] INFO mona import success
[2025-09-19 19:12:25] INFO nick sort success
[2025-09-19 13:30:44] INFO yara update_profile failure
[2025-09-19 04:26:14] INFO tina delete_post retry
[2025-09-19 08:57:50] INFO ivy search failure
[2025-09-19 06:26:59] INFO quincy decrypt success
[2025-09-19 14:29:52] INFO frank import pending
[2025-09-19 09:43:49] INFO karen receive_message retry
[2025-09-19 08:23:20] INFO olivia receive_message retry
[2025-09-19 14:37:55] INFO charlie sort retry
[2025-09-19 15:37:18] INFO yara export pending
[2025-09-19 15:28:37] INFO yara export success
[2025-09-19 04:16:56] INFO paul sync pending
[2025-09-19 22:55:17] INFO yara encrypt pending
[2025-09-19 18:36:54] INFO umar update_profile timeout
[2025-09-19 08:05:50] INFO wendy sync pending
[2025-09-19 11:03:02] INFO mona send_message success
[2025-09-19 03:37:55] INFO david delete_post timeout
[2025-09-19 23:36:53] INFO rachel create_post retry
[2025-09-19 16:14:08] INFO grace encrypt failure
[2025-09-19 02:14:02] INFO wendy search retry
[2025-09-19 08:42:14] INFO umar filter retry
[2025-09-19 16:27:29] INFO victor restore success
[2025-09-19 09:31:19] INFO alice decrypt timeout
[2025-09-19 01:41:38] INFO charlie restore pending
[2025-09-19 09:52:30] INFO jack filter timeout
[2025-09-19 02:06:47] INFO rachel decrypt retry
[2025-09-19 11:08:14] INFO charlie export success
[2025-09-19 22:22:26] INFO paul delete_post pending
[2025-09-19 06:05:27] INFO yara download_file pending
[2025-09-19 04:29:36] INFO tina create_post retry
